TN:
SF:app\js\Player.js
FN:1,Player
FN:3,(anonymous_1)
FN:8,(anonymous_2)
FN:12,(anonymous_3)
FN:20,(anonymous_4)
FNF:5
FNH:5
FNDA:5,Player
FNDA:5,(anonymous_1)
FNDA:2,(anonymous_2)
FNDA:2,(anonymous_3)
FNDA:1,(anonymous_4)
DA:3,1
DA:4,5
DA:5,5
DA:8,1
DA:9,2
DA:12,1
DA:13,2
DA:14,1
DA:17,1
DA:20,1
DA:21,1
LF:11
LH:11
BRDA:13,0,0,1
BRDA:13,0,1,1
BRF:2
BRH:2
end_of_record
TN:
SF:app\js\Song.js
FN:1,Song
FN:4,(anonymous_1)
FNF:2
FNH:1
FNDA:5,Song
FNDA:0,(anonymous_1)
DA:4,1
DA:6,0
LF:2
LH:1
BRF:0
BRH:0
end_of_record
TN:
SF:app\js\demos.js
FN:1,suma
FNF:1
FNH:0
FNDA:0,suma
DA:2,0
LF:1
LH:0
BRF:0
BRH:0
end_of_record
